Watching for file changes with StatReloader
"GET / HTTP/1.1" 200 5386
Not Found: /favicon.ico
"GET /favicon.ico HTTP/1.1" 404 2836
Forbidden: /api/v1/
"GET /api/v1/ HTTP/1.1" 403 4998
"GET /static/rest_framework/css/prettify.css HTTP/1.1" 200 817
"GET /static/rest_framework/js/csrf.js HTTP/1.1" 200 1719
"GET /static/rest_framework/css/bootstrap-tweaks.css HTTP/1.1" 200 3385
"GET /static/rest_framework/css/default.css HTTP/1.1" 200 1152
"GET /static/rest_framework/css/bootstrap.min.css HTTP/1.1" 200 121457
"GET /static/rest_framework/js/prettify-min.js HTTP/1.1" 200 13632
"GET /static/rest_framework/js/default.js HTTP/1.1" 200 1268
"GET /static/rest_framework/img/grid.png HTTP/1.1" 200 1458
"GET /static/rest_framework/js/bootstrap.min.js HTTP/1.1" 200 39680
"GET /static/rest_framework/js/ajax-form.js HTTP/1.1" 200 3597
"GET /static/rest_framework/js/jquery-3.5.1.min.js HTTP/1.1" 200 89476
"GET /admin/ HTTP/1.1" 302 0
"GET /admin/login/?next=/admin/ HTTP/1.1" 200 4237
"GET /static/admin/css/nav_sidebar.css HTTP/1.1" 200 2694
"GET /static/admin/css/dark_mode.css HTTP/1.1" 200 2929
"GET /static/admin/css/responsive.css HTTP/1.1" 200 18533
"GET /static/admin/css/login.css HTTP/1.1" 200 958
"GET /static/admin/css/base.css HTTP/1.1" 200 21207
"GET /static/admin/js/theme.js HTTP/1.1" 200 1943
"GET /static/admin/js/nav_sidebar.js HTTP/1.1" 200 3063
Forbidden: /api/v1/
"GET /api/v1/ HTTP/1.1" 403 4998
Forbidden: /api/v1/
"GET /api/v1/ HTTP/1.1" 403 4998
"GET / HTTP/1.1" 200 5386
"GET / HTTP/1.1" 200 5386
Forbidden: /api/v1/
"GET /api/v1/ HTTP/1.1" 403 4998
Forbidden: /api/v1/
"GET /api/v1/?format=json HTTP/1.1" 403 65
Forbidden: /api/v1/
"GET /api/v1/?format=api HTTP/1.1" 403 5031
Forbidden: /api/v1/
"GET /api/v1/ HTTP/1.1" 403 4998
"GET /api-auth/login/?next=/api/v1/ HTTP/1.1" 200 2708
"GET /api/v1/status/ HTTP/1.1" 200 5961
"GET / HTTP/1.1" 200 5386
"GET /admin/ HTTP/1.1" 302 0
"GET /admin/login/?next=/admin/ HTTP/1.1" 200 4237
"GET /static/admin/css/base.css HTTP/1.1" 304 0
"GET /static/admin/css/dark_mode.css HTTP/1.1" 304 0
"GET /static/admin/css/nav_sidebar.css HTTP/1.1" 304 0
"GET /static/admin/css/login.css HTTP/1.1" 304 0
"GET /static/admin/css/responsive.css HTTP/1.1" 304 0
"GET /static/admin/js/theme.js HTTP/1.1" 304 0
"GET /static/admin/js/nav_sidebar.js HTTP/1.1" 304 0
Forbidden: /api/v1/
"GET /api/v1/ HTTP/1.1" 403 4998
"GET /static/rest_framework/css/bootstrap.min.css HTTP/1.1" 304 0
"GET /static/rest_framework/css/prettify.css HTTP/1.1" 304 0
"GET /static/rest_framework/js/csrf.js HTTP/1.1" 304 0
"GET /static/rest_framework/js/jquery-3.5.1.min.js HTTP/1.1" 304 0
"GET /static/rest_framework/css/bootstrap-tweaks.css HTTP/1.1" 304 0
"GET /static/rest_framework/js/ajax-form.js HTTP/1.1" 304 0
"GET /static/rest_framework/css/default.css HTTP/1.1" 304 0
"GET /static/rest_framework/js/prettify-min.js HTTP/1.1" 304 0
"GET /static/rest_framework/js/bootstrap.min.js HTTP/1.1" 304 0
"GET /static/rest_framework/js/default.js HTTP/1.1" 304 0
"GET /static/rest_framework/img/grid.png HTTP/1.1" 304 0
"GET /admin/ HTTP/1.1" 302 0
"GET /admin/login/?next=/admin/ HTTP/1.1" 200 4237
Forbidden: /api/v1/
"GET /api/v1/ HTTP/1.1" 403 4998
"GET / HTTP/1.1" 200 5386
"GET /admin/ HTTP/1.1" 302 0
"GET /admin/login/?next=/admin/ HTTP/1.1" 200 4237
"GET /static/admin/css/base.css HTTP/1.1" 304 0
"GET /static/admin/css/dark_mode.css HTTP/1.1" 304 0
"GET /static/admin/css/nav_sidebar.css HTTP/1.1" 304 0
"GET /static/admin/css/login.css HTTP/1.1" 304 0
"GET /static/admin/css/responsive.css HTTP/1.1" 304 0
"GET /static/admin/js/theme.js HTTP/1.1" 304 0
"GET /static/admin/js/nav_sidebar.js HTTP/1.1" 304 0
"POST /admin/login/?next=/admin/ HTTP/1.1" 200 4426
"POST /admin/login/?next=/admin/ HTTP/1.1" 200 4435
Watching for file changes with StatReloader
"GET / HTTP/1.1" 200 5386
"GET /admin/ HTTP/1.1" 302 0
"GET /admin/login/?next=/admin/ HTTP/1.1" 200 4237
"POST /admin/login/?next=/admin/ HTTP/1.1" 200 4435
"POST /admin/login/?next=/admin/ HTTP/1.1" 200 4426
"GET /api-auth/login/?next=/api/v1/ HTTP/1.1" 200 2708
"GET /static/rest_framework/css/bootstrap.min.css HTTP/1.1" 304 0
"GET /static/rest_framework/css/bootstrap-tweaks.css HTTP/1.1" 304 0
"GET /static/rest_framework/css/prettify.css HTTP/1.1" 304 0
"GET /static/rest_framework/css/default.css HTTP/1.1" 304 0
"GET /static/rest_framework/img/grid.png HTTP/1.1" 304 0
Watching for file changes with StatReloader
"GET / HTTP/1.1" 200 5386
"GET /admin/ HTTP/1.1" 302 0
"GET /admin/login/?next=/admin/ HTTP/1.1" 200 4237
"GET /static/admin/css/base.css HTTP/1.1" 304 0
"GET /static/admin/css/dark_mode.css HTTP/1.1" 304 0
"GET /static/admin/css/nav_sidebar.css HTTP/1.1" 304 0
"GET /static/admin/css/login.css HTTP/1.1" 304 0
"GET /static/admin/css/responsive.css HTTP/1.1" 304 0
"GET /static/admin/js/theme.js HTTP/1.1" 304 0
"GET /static/admin/js/nav_sidebar.js HTTP/1.1" 304 0
"POST /admin/login/?next=/admin/ HTTP/1.1" 302 0
"GET /admin/ HTTP/1.1" 200 8737
"GET /static/admin/css/dashboard.css HTTP/1.1" 200 441
"GET /static/admin/img/icon-changelink.svg HTTP/1.1" 200 380
"GET /static/admin/img/icon-addlink.svg HTTP/1.1" 200 331
"POST /admin/logout/ HTTP/1.1" 200 3633
"GET /admin/ HTTP/1.1" 302 0
"GET /admin/login/?next=/admin/ HTTP/1.1" 200 4237
Watching for file changes with StatReloader
"GET / HTTP/1.1" 200 5386
Forbidden: /api/v1/
"GET /api/v1/ HTTP/1.1" 403 4998
"GET /static/rest_framework/css/bootstrap.min.css HTTP/1.1" 304 0
"GET /static/rest_framework/css/prettify.css HTTP/1.1" 304 0
"GET /static/rest_framework/css/bootstrap-tweaks.css HTTP/1.1" 304 0
"GET /static/rest_framework/js/jquery-3.5.1.min.js HTTP/1.1" 304 0
"GET /static/rest_framework/css/default.css HTTP/1.1" 304 0
"GET /static/rest_framework/js/csrf.js HTTP/1.1" 304 0
"GET /static/rest_framework/js/ajax-form.js HTTP/1.1" 304 0
"GET /static/rest_framework/js/prettify-min.js HTTP/1.1" 304 0
"GET /static/rest_framework/js/bootstrap.min.js HTTP/1.1" 304 0
"GET /static/rest_framework/js/default.js HTTP/1.1" 304 0
"GET /static/rest_framework/img/grid.png HTTP/1.1" 304 0
"GET /admin/ HTTP/1.1" 302 0
"GET /admin/login/?next=/admin/ HTTP/1.1" 200 4237
"POST /admin/login/?next=/admin/ HTTP/1.1" 200 4435
"POST /admin/login/?next=/admin/ HTTP/1.1" 200 4435
"POST /admin/login/?next=/admin/ HTTP/1.1" 200 4435
"GET / HTTP/1.1" 200 5386
"POST /admin/login/?next=/admin/ HTTP/1.1" 302 0
"GET /admin/ HTTP/1.1" 200 8737
"GET /admin/gardens/cultivationplan/add/ HTTP/1.1" 200 15462
"GET /admin/jsi18n/ HTTP/1.1" 200 8006
"GET /static/admin/css/forms.css HTTP/1.1" 200 9047
"GET /static/admin/js/prepopulate_init.js HTTP/1.1" 200 586
"GET /static/admin/js/admin/RelatedObjectLookups.js HTTP/1.1" 200 8943
"GET /static/admin/js/actions.js HTTP/1.1" 200 7872
"GET /static/admin/css/widgets.css HTTP/1.1" 200 11900
"GET /static/admin/js/prepopulate.js HTTP/1.1" 200 1531
"GET /static/admin/js/core.js HTTP/1.1" 200 5682
"GET /static/admin/js/jquery.init.js HTTP/1.1" 200 347
"GET /static/admin/js/urlify.js HTTP/1.1" 200 7887
"GET /static/admin/js/calendar.js HTTP/1.1" 200 8466
"GET /static/admin/js/vendor/xregexp/xregexp.js HTTP/1.1" 200 232381
"GET /static/admin/js/admin/DateTimeShortcuts.js HTTP/1.1" 200 19319
"GET /static/admin/js/change_form.js HTTP/1.1" 200 606
"GET /static/admin/js/vendor/jquery/jquery.js HTTP/1.1" 200 292458
"GET /static/admin/img/search.svg HTTP/1.1" 200 458
"GET /static/admin/img/icon-calendar.svg HTTP/1.1" 200 1086
"GET /admin/gardens/garden/add/ HTTP/1.1" 200 14952
"GET /admin/jsi18n/ HTTP/1.1" 200 8006
"GET /admin/gardens/plant/add/ HTTP/1.1" 200 16386
"GET /admin/jsi18n/ HTTP/1.1" 200 8006
"GET /admin/core/customuser/add/ HTTP/1.1" 200 12594
"GET /admin/jsi18n/ HTTP/1.1" 200 8006
"GET /admin/auth/group/add/ HTTP/1.1" 200 14679
"GET /admin/jsi18n/ HTTP/1.1" 200 8006
"GET /static/admin/js/SelectBox.js HTTP/1.1" 200 4530
"GET /static/admin/js/SelectFilter2.js HTTP/1.1" 200 15292
"GET /static/admin/img/icon-unknown-alt.svg HTTP/1.1" 200 655
"GET /static/admin/img/selector-icons.svg HTTP/1.1" 200 3291
"GET /static/admin/img/icon-unknown.svg HTTP/1.1" 200 655
"GET /admin/ai_recommendations/userfeedback/add/ HTTP/1.1" 200 14560
"GET /admin/jsi18n/ HTTP/1.1" 200 8006
"GET /static/admin/img/icon-viewlink.svg HTTP/1.1" 200 581
"GET /admin/ai_recommendations/airecommendation/add/ HTTP/1.1" 200 18260
"GET /admin/jsi18n/ HTTP/1.1" 200 8006
"GET /static/admin/img/icon-clock.svg HTTP/1.1" 200 677
"GET /admin/gardens/plant/ HTTP/1.1" 200 14610
"GET /static/admin/css/base.css HTTP/1.1" 304 0
"GET /static/admin/css/dark_mode.css HTTP/1.1" 304 0
"GET /static/admin/css/nav_sidebar.css HTTP/1.1" 304 0
"GET /static/admin/css/responsive.css HTTP/1.1" 304 0
"GET /static/admin/css/changelists.css HTTP/1.1" 200 6566
"GET /admin/jsi18n/ HTTP/1.1" 200 8006
"GET /static/admin/js/theme.js HTTP/1.1" 304 0
"GET /static/admin/js/nav_sidebar.js HTTP/1.1" 304 0
"GET /static/admin/js/filters.js HTTP/1.1" 200 978
"GET /static/admin/img/sorting-icons.svg HTTP/1.1" 200 1097
"GET /static/admin/img/tooltag-add.svg HTTP/1.1" 200 331
